[2017-11-23 10:24:18] 启动服务!
[2017-11-23 10:24:19] 登录成功!
[2017-11-23 10:24:19] 警告:ca01可能被长期占有,请确认!
[2017-11-23 10:24:19] 警告:ca02可能被长期占有,请确认!
[2017-11-23 10:24:19] ca03正在租期内,将在11天4时58分27秒后到期!
[2017-11-23 10:24:19] ca04正在租期内,将在3天22时32分16秒后到期!
[2017-11-23 10:24:19] 警告:ca05可能被长期占有,请确认!
[2017-11-23 10:24:19] 警告:ca06可能被长期占有,请确认!
[2017-11-23 10:24:19] 警告:ca07可能被长期占有,请确认!
[2017-11-23 10:24:19] ca08正在租期内,将在3天22时32分33秒后到期!
[2017-11-23 10:24:19] ca09正在租期内,将在11天4时58分26秒后到期!
[2017-11-23 10:24:19] ca10正在租期内,将在3天22时32分34秒后到期!
[2017-11-23 10:24:19] ca11正在租期内,将在11天22时49分38秒后到期!
[2017-11-23 10:24:19] ca12正在租期内,将在11天22时49分40秒后到期!
[2017-11-23 10:24:19] ca13正在租期内,将在11天22时49分40秒后到期!
[2017-11-23 10:24:19] ca14正在租期内,将在10天5时10分47秒后到期!
[2017-11-23 10:24:19] ca15正在租期内,将在11天4时58分24秒后到期!
[2017-11-23 10:24:19] ca16正在租期内,将在3天22时32分9秒后到期!
[2017-11-23 10:24:19] 警告:ca17可能被长期占有,请确认!
[2017-11-23 10:24:19] ca18正在租期内,将在3天22时32分14秒后到期!
[2017-11-23 10:24:19] ca19正在租期内,将在11天4时58分24秒后到期!
[2017-11-23 10:24:19] 警告:ca20可能被长期占有,请确认!
[2017-11-23 10:24:19] ca21正在租期内,将在8天23时12分50秒后到期!
[2017-11-23 10:24:19] ca22正在租期内,将在3天22时32分30秒后到期!
[2017-11-23 10:24:19] 警告:ca23可能被长期占有,请确认!
[2017-11-23 10:24:19] ca24正在租期内,将在9天23时6分44秒后到期!
[2017-11-23 10:24:19] 警告:ca25可能被长期占有,请确认!
[2017-11-23 10:24:19] 警告:ca26可能被长期占有,请确认!
[2017-11-23 10:24:19] ca27正在租期内,将在10天5时10分50秒后到期!
[2017-11-23 10:24:19] ca28正在租期内,将在10天5时10分52秒后到期!
[2017-11-23 10:24:19] ca29正在租期内,将在8天23时12分49秒后到期!
[2017-11-23 10:24:19] ca30正在租期内,将在3天22时32分21秒后到期!
[2017-11-23 10:24:19] ca31正在租期内,将在11天22时48分54秒后到期!
[2017-11-23 10:24:19] 警告:ca32可能被长期占有,请确认!
[2017-11-23 10:24:19] gd04正在租期内,将在8天23时12分50秒后到期!
[2017-11-23 10:24:20] 预定gd05成功!
[2017-11-23 10:24:21] 预定gd06成功!
[2017-11-23 10:24:21] 将在5673(0天1时34分33)秒后再次检测!
